Arguments: 
  C:\Program Files\nodejs\node.exe C:\Users\treinamento\AppData\Roaming\npm\node_modules\yarn\bin\yarn.js add react-native-snap-caruosel

PATH: 
  C:\Program Files\Java\jdk-17\bin;C:\Program Files\Common Files\Oracle\Java\javapath;C:\Program Files (x86)\Common Files\Oracle\Java\javapath;C:\oracle\product\12.2.0\client_1;C:\oracle\product\12.2.0\client_1\bin;C:\Python27\;C:\Python27\Scripts;C:\Windows\system32;C:\Windows;C:\Windows\System32\Wbem;C:\Windows\System32\WindowsPowerShell\v1.0\;C:\Windows\System32\OpenSSH\;C:\ProgramData\chocolatey\bin;C:\Program Files\Microsoft VS Code\bin;C:\Program Files\Git\cmd;C:\Program Files (x86)\Java;C:\Program Files\Java\jdk1.8.0_301\bin;C:\Program Files\Java\jdk-17\bin;C:\Program Files\nodejs\;C:\Users\treinamento\AppData\Local\Android\Sdk\emulator;C:\Users\treinamento\AppData\Local\Android\Sdk\tools;C:\Users\treinamento\AppData\Local\Android\Sdk\tools\bin;C:\Users\treinamento\AppData\Local\Android\Sdk\platform-tools;C:\User\Treinamento\AppData\Local\Yarn\bin;C:\Ruby27-x64\bin;C:\Users\treinamento\AppData\Local\Microsoft\WindowsApps;C:\Program Files\JetBrains\IntelliJ IDEA Community Edition 2021.2.3\bin;;C:\Program Files\MySQL\MySQL Server 8.0\bin;C:\Users\treinamento\AppData\Roaming\npm

Yarn version: 
  1.22.19

Node version: 
  16.14.0

Platform: 
  win32 x64

Trace: 
  Error: https://registry.yarnpkg.com/react-native-snap-caruosel: Not found
      at Request.params.callback [as _callback] (C:\Users\treinamento\AppData\Roaming\npm\node_modules\yarn\lib\cli.js:66145:18)
      at Request.self.callback (C:\Users\treinamento\AppData\Roaming\npm\node_modules\yarn\lib\cli.js:140890:22)
      at Request.emit (node:events:520:28)
      at Request.<anonymous> (C:\Users\treinamento\AppData\Roaming\npm\node_modules\yarn\lib\cli.js:141862:10)
      at Request.emit (node:events:520:28)
      at IncomingMessage.<anonymous> (C:\Users\treinamento\AppData\Roaming\npm\node_modules\yarn\lib\cli.js:141784:12)
      at Object.onceWrapper (node:events:639:28)
      at IncomingMessage.emit (node:events:532:35)
      at endReadableNT (node:internal/streams/readable:1346:12)
      at processTicksAndRejections (node:internal/process/task_queues:83:21)

npm manifest: 
  {
    "name": "devcars",
    "version": "1.0.0",
    "main": "node_modules/expo/AppEntry.js",
    "scripts": {
      "start": "expo start",
      "android": "expo start --android",
      "ios": "expo start --ios",
      "web": "expo start --web",
      "eject": "expo eject"
    },
    "dependencies": {
      "@react-navigation/native": "^6.0.11",
      "@react-navigation/native-stack": "^6.7.0",
      "expo": "~45.0.0",
      "expo-status-bar": "~1.3.0",
      "react": "17.0.2",
      "react-dom": "17.0.2",
      "react-native": "0.68.2",
      "react-native-app-intro-slider": "^4.0.4",
      "react-native-safe-area-context": "^4.2.4",
      "react-native-screens": "~3.11.1",
      "react-native-web": "0.17.7",
      "react-timer-mixin": "^0.13.4"
    },
    "devDependencies": {
      "@babel/core": "^7.12.9",
      "@types/react": "~17.0.21",
      "@types/react-native": "~0.67.6",
      "typescript": "~4.3.5"
    },
    "private": true
  }

yarn manifest: 
  No manifest

Lockfile: 
  No lockfile
